Ext.require([    'Ext.data.*',    'Ext.grid.*']);
Ext.onReady(function(){    Ext.define('Book',{        extend: 'Ext.data.Model',        proxy: {            type: 'ajax',            reader: 'xml'        },        fields: [            // set up the fields mapping into the xml doc            // The first needs mapping, the others are very basic            {name: 'Author', mapping: '@author.name'},            'Title', 'Manufacturer', 'ProductGroup',            'Title','Manufacturer','ProguctGroup'
        ]    });
    // create the Data Store    var store = Ext.create('Ext.data.Store', {        model: 'Book',        autoLoad: true,        proxy: {            // load using HTTP            type: 'ajax',            url: 'sheldon.xml',            // the return will be XML, so lets set up a reader            reader: {                type: 'xml',                // records will have an "Item" tag                record: 'Item',                idProperty: 'ASIN',                totalRecords: '@total'            }        }    });
    // create the grid    Ext.create('Ext.grid.Panel', {        store: store,        columns: [            {text: "Author", flex: 1, dataIndex: 'Author'},            {text: "Title", width: 180, dataIndex: 'Title'},            {text: "Manufacturer", width: 115, dataIndex: 'Manufacturer'},            {text: "Product Group", width: 100, dataIndex: 'ProductGroup'}        ],        renderTo:'example-grid',        width: 540,        height: 200    });
    if( isOverwrite || targetItem.getAttribute("TEKIYOU") == null){      if(tekiyou != null){
1389 お湯が適度な熱さより低いこと1) やらわかい 2) のろい 3) ぬるい 4) ゆるい1388 どうしてよいかわからないで時間がかかってしまうようす1) ふわふわ 2) まごまご 3) のろのろ 4) そろそろ正解:21382 彼のテニスの腕はすばらしい。昨日の試合ではだれも彼に歯が（　　　　　）よ。1) 合わなかった 2) かまなかった 3) 浮ばなかった 4) 立たなかった正解:41374 空港で電話をしている間に、足元に置いたおみやげを（　　　　　）ぬすまれた。1) さっぱり 2) ぴったり 3) そっくり 4) ばったり正解:3
  1369 その場所に日光がどのくらい入ってくるかの程度1) ひあたり 2) ひかげ 3) ひざし 4) ひづけ正解:11359 両親に（　　　　　）そだつと、大人になってから本人が苦労することになる。1) あいされて 2) めぐまれて 3) あまやかされて 4) かわいがられて正解:31357 会社のパーティーに参加しますかとたずねたら、彼は首を横に（　　　　　）。1) 折った 2) 振った 3) 曲げた 4) ひねった正解:2
1352 若い女性が一人で外国へ行くなんて（　　　　　）と考えている父親が多い。1) とんでもない 2) ひまだ 3) 思いがけない 4) やむをえない正解:1
1334 星やカードで恋のことや仕事のことがどうなるかを（　　　　　）専門家がいる。1) うやまう 2) うらやむ 3) うらなう 4) うたがう正解:3    1332 隣の子はまだ３歳だから舌が（　　　　　）と思っていたら、おしゃべりなのでびっくりした。1) 動かない 2) 回らない 3) 巻かない 4) こえていない正解:21331 やせたいやせたいと思っているのに、またケーキを１（　　　　　）食べてしまった。1) 行 2) 位 3) 点 4) きれ正解:4
1323 ひさしぶりに会ったんだから、今後はみんなで（　　　　　　）飲みましょう。1) こっそり 2) おおいに 3) たいして 4) おのおの    1320 品物が良くないこと1) 下品 2) 地味 3) 不可 4) 粗末正解:4
targetItem.setAttribute("TEKIYOU", tekiyou);1318 目をはなさないでじっと見る1) みなおす 2) みつめる 3) みおくる 4) みなれる正解:2
1314 よく住所がかわるようす1) ふわふわ 2) どんどん 3) てんてん 4) うろうろ正解:31310 長い間の苦労が（　　　　　）、ついに研究が完成した。1) きいて 2) かって 3) みのって 4) まねいて正解:3
1304 きのう、釣りに出かけたが、風が強くて波が（　　　　　）一匹もつれないまま帰ってきた。1) あさく 2) あらく 3) つよく 4) おもたく正解:21303 道を歩いていていい考えを（　　　）。1) おもいついた 2) おいついた 3) ひきとめた 4) いいつけた正解:1
うらがえす　とりいれる
1301 壊れたビルの群れが、災害の大きさを（　　　）いる。1) 話し合って 2) 言いつけて 3) 呼び出して 4) 物語って正解:4
1291 何があってもだいじょうぶなように、ひごろから、（　　　）している。1) 用事 2) 用心 3) 要領 4) 要点正解:2
1264 食べるのが（　　　　　）人は仕事もできないという人がいるが、ゆっくり食べる方が体にはいい。1) ゆるい 2) はやい 3) のろい 4) おもい正解:3
1260 そんな食事をしていると、（　　　　）病気になってしまいますよ。1) いまにも 2) いつまでも 3) いまに 4) いつでも正解:3
1255 商品の注文などをたしかにきく1) うけたまわる 2) うちあわせる 3) ひきうける 4) うけもつ正解:1
1246 ぬいだ服はすぐ（　　　　　）おかないと母がうるさい。1) まげて 2) たたんで 3) おって 4) つかんで正解:2
1245 仕事中に新入社員が居眠りをはじめたので、（　　　　　　）しまった。1) あこがれて 2) あきれて 3) あぶって 4) つかんで正解:2
1095 夜が（　　　　）きたので、そろそろ帰りましょう。1) ふかまって 2) みちて 3) てらして 4) ふけて
//目がない
1086 入院していた生徒が亡くなったことを伝えると、教室の中が（　　　　　）なった。1) しみじみ 2) しいんと 3) がっかり 4) びっくり
1083 話しかたや態度が明確なようす。1) まごまご 2) はきはき 3) にこにこ 4) ぴかぴか
//やかましい　肉らしい　おそろしい
//ちぎる　ねじる　くるむ　からっぽ　ためらう　振舞う
//いわば
//まごまご
//だけのことはある　=　だけあって
（…不像样,…也不像样）（…不像话,…也不像话）夫も夫なら妻も妻だ981 つまらない授業をする先生も先生（　　　　　）、勉強しない学生も学生だ。1) として 2) なら 3) には 4) だから正解:2
934 あの学者はあらゆる分野に（　　　　　）、深い知識を持っている。1) かかり 2) わたり 3) 通して 4) もとづく正解:2
892 この曲を聞くたびに自由で楽しかった学生時代を思い出す。それに（　　　　　）今の生活のなんと余裕のないことか。1) つけても 2) つき 3) ともない 4) 沿っても
//見るに見かねて//ものがある
//こどもになんかまけるものか
757 あれだけの才能があり（　　　　　）、彼はなぜ認められないんだろう。1) に関わらず 2) けれど 3) ものの 4) ながら正解:4
//ようにも　ない
745 できるだけのことは協力すると言ったのばかりに、（　　　　）。1) やらざるをえない 2) やらなくてもよい 3) やらないこともない 4) やらないわけではない正解:1
//ささやかだ
701 今日は子供連れですから、（　　　　　）うちに帰りたいと思っています。1) 明るかった 2) 明るくて 3) 明るい 4) 明るく正解:3
//座り込む
638 それでは、皆様に当クラブの名誉会長で（　　　　　　）山田氏をご紹介いたします。1) いられる 2) いらっしゃる 3) なられる 4) ござる正解:2
604 たいへん申し上げ（　　　　　）のですが、都合があって、今回は参加できません。1) かたい 2) やすい 3) たい 4) にくい正解:4
598 以前は緑が多かった地域にも、（　　　　　）高いビルがたくさん建てられている。1) 今では 2) 今にも 3) 今から 4) 今なら正解:1
//人並び
582 「そうだ、あの人に聞けばきっとわかるわ」と（　　　　　）、彼女は電話の受話器を取ってダイヤルをまわした。1) 言わないかのうちに 2) 言ったかのうちに 3) 言うが早いか 4) 言わないかと思うと正解:3
576 雨が降って、することがないけれど、子供たちは別に退屈（　　　　　　）。1) そうもない 2) そうにない 3) なさそうだ 4) そうではない正解:4
    //どっと
    500 健康は、（　　　　　　）、ふだんはそのありがたさに気がつかないものだ。1) いわば空気のようなもので 2) いわばありがたいもので 3) いわゆる貴重なものだから 4) いわゆる大切なものだから正解:1
    499 彼はほんとうに酒が好きだ。（　　　　　　）、だれかを誘って飲みに行く。1) うれしいと悲しいと 2) うれしいやら悲しいやら 3) うれしいとか悲しいとか 4) うれしいにつけ悲しいにつけ正解:4
493 先生には大変お世話になり、（　　　　　）。1) お礼の申し上げようもありません 2) お礼が申し上げられそうもありません 3) お礼を申し上げるほかありません4) お礼を申し上げるものではありません正解:1
    //たところで
452 自分の店を出せる（　　　　）出してみたいが、そんなお金はない。1) ものは 2) もので 3) ものなら 4) ものの正解:2
426 英語（　　　）数学（　　　）、練習問題をやっておかないと、試験でいい点数は取れない。1) とか 2) やら 3) にしろ 4) など正解:3
402 この店は、何を食べてもおいしい。料理長がフランスで勉強した（　　　）。1) というだけのことはある 2) ことになっている 3) というばかりだ 4) というくらいのことはある
    //きにくう
    333 彼がそれを知った時の（　　　　　　）といったらなかった。1) おどろきよう 2) おどろいた 3) おどろく 4) おどろこう正解:1
    316 事故の後、３時間に（　　　　　　　）電車は不通となった。1) おいて 2) そって 3) かけて 4) わたって正解:3
314 きのう、先生の奥様にお会いしました。写真でお顔は（　　　　　　）が、お会いしたのは初めてでした。1) ごらん願いました 2) お目にかかりました 3) うけたまわりました 4) 存じ上げておりました正解:4
    235 新薬の輸入（　　　　　　）慎重な調査が行われている。1) にかけて 2) につけて 3) にさきだち 4) にこたえて正解:3
    //区別がつく
    203 もともと勉強する気がないのなら、大学を受けて（　　　　）ところで何の意味があるのか。1) みた 2) みる 3) いる 4) いた正解:1
    202 その子どもは、お医者さんや看護婦さんの拍手の中（　　　　）退院していった。1) が 2) に 3) を 4) まで正解:3
    //ともなると
    //ひきかえ　反して
    92 勉強が難しくなる（　　）、「がんばるぞ！」という気力も強くなってきた。1) につれて 2) について 3) に反して 4) において正解:1
    83 まちがえて女性のトイレに入り、顔から火が出る（　　）恥ずかしかった。1) より 2) ほど 3) かぎり 4) ことに
17 あんなまずい店、ほかには（　　　）。1) あるべきだ 2) あるまい 3) ないべきだ 4) あらざるまい正解:4
79 失礼ですが、私は「佐藤」（　　）人は知りません。1) なんか 2) などを 3) なんて 4) などが正解:3




Ext.Loader.setConfig({enabled: true});
Ext.Loader.setPath('Ext.ux', '../ux/');Ext.require([    'Ext.grid.*',    'Ext.data.*',    'Ext.util.*',    'Ext.grid.plugin.BufferedRenderer']);
Ext.define('Employee', {    extend: 'Ext.data.Model',    fields: [       {name: 'rating', type: 'int'},       {name: 'salary', type: 'float'},       {name: 'name'},       'rowHeight'    ]});
Ext.onReady(function(){    /**     * Returns an array of fake data     * @param {Number} count The number of fake rows to create data for     * @return {Array} The fake record data, suitable for usage with an ArrayReader     */    function createFakeData(count) {        var firstNames   = ['Ed', 'Tommy', 'Aaron', 'Abe', 'Jamie', 'Adam', 'Dave', 'David', 'Jay', 'Nicolas', 'Nige'],            lastNames    = ['Spencer', 'Maintz', 'Conran', 'Elias', 'Avins', 'Mishcon', 'Kaneda', 'Davis', 'Robinson', 'Ferrero', 'White'],            ratings      = [1, 2, 3, 4, 5],            salaries     = [100, 400, 900, 1500, 1000000];
        var data = [];        for (var i = 0; i < (count || 25); i++) {            var ratingId    = Math.floor(Math.random() * ratings.length),                salaryId    = Math.floor(Math.random() * salaries.length),                firstNameId = Math.floor(Math.random() * firstNames.length),                lastNameId  = Math.floor(Math.random() * lastNames.length),
                rating      = ratings[ratingId],                salary      = salaries[salaryId],                name        = Ext.String.format("{0} {1}", firstNames[firstNameId], lastNames[lastNameId]);
            data.push({                id: 'rec-' + i,                rating: rating,                salary: salary,                name: name,                rowHeight: (i == count - 1) ? 150 : Ext.Number.randomInt(21, 50)            });        }        return data;    }    // create the Data Store    var store = Ext.create('Ext.data.Store', {        id: 'store',        pageSize: 50000,        // allow the grid to interact with the paging scroller by buffering        buffered: true,        // never purge any data, we prefetch all up front        purgePageCount: 0,        model: 'Employee',        proxy: {            type: 'memory'        }    });
    var grid = Ext.create('Ext.grid.Panel', {        width: 700,        height: 500,        title: 'Buffered Grid of 49,679 random records',        store: store,        verticalScroller: {            variableRowHeight: true        },        loadMask: true,        selModel: {            pruneRemoved: false,            selectionMode: 'MULTI'        },        viewConfig: {            trackOver: false        },        // grid columns        columns:[{            xtype: 'rownumberer',            width: 40,            sortable: false,            xhooks: {                renderer: function(v, meta, record) {                    metaAttr = 'style="vertical-align:center;height:' + record.data.rowHeight + 'px"';                    return this.callParent(arguments);                }            }        },{            text: 'Name',            flex:1 ,            sortable: true,            dataIndex: 'name'        },{            text: 'Rating',            width: 125,            sortable: true,            dataIndex: 'rating'        },{            text: 'Salary',            width: 125,            sortable: true,            dataIndex: 'salary',            align: 'right',            renderer: Ext.util.Format.usMoney        }],        renderTo: Ext.getBody()    });
    var data = createFakeData(49679),        ln = data.length,        records = [],        i = 0;    for (; i < ln; i++) {        records.push(Ext.create('Employee', data[i]));    }
    // Load data as a single, 50000 record page, only render 50 rows.    store.cachePage(records, 1);    store.guaranteeRange(0, 49);});
きがすまない
そうぞうしい
うすぐらい
1235 人が（　　　　　）やろうと思ったことは最後までがんばらないとだめだよ。1) いちおう 2) いちだん 3) いっぱん 4) いったん正解:4
1221 父が本棚を（　　　　　）くれた。1) くっつけて 2) こしらえて 3) くんで 4) できあがって正解:2
1220 一日中、サッカーの試合の応援をしたら、すっかりのどが（　　　　　）しまって声が出ない。1) かわいて 2) つまって 3) かれて 4) ふさがって正解:3
口がうまい
1214 利益の出ない仕事はやらないに（　　　　　）。1) したしい 2) ただしい 3) ひとしい 4) ちがいない正解:3
1211 好きなチームの選手がホームランを打つと胸が（　　　　　　）する。1) はっきりと 2) すっと 3) そっと 4) じっと正解:2
1204 ごはんや飲み物を食器に入れる1) つぐ 2) そそぐ 3) もる 4) とる正解:1
1197 きょうは強い台風がくると思っていたが、夜の間に南東に（　　　　　）しまったようだ。1) わたって 2) それて 3) とおって 4) はずれて正解:2
1191 （　　　　　）な顔をしているのでみんなが心配して、彼のまわりに集まった。1) 真っ黄 2) 真っ茶 3) 真っ青 4) 真っ黒正解:3
1172 ガラス制作をマスターするという目的を（　　　　　）までは、イタリアでがんばるつもりです。1) すませる 2) たっする 3) めざす 4) とおす正解:21171 運ぶ物がたくさんあるので、そちらから２、３人若い人をちょっと（　　　　　）ください。1) あたえて 2) おくって 3) よんで 4) よこして正解:41169 この問題はそんなに難しくないよ。もうちょっと頭を（　　　　　）考えてみなさい。1) たたいて 2) ひねって 3) つめて 4) ふって正解:2
とうげ
1146 この夏、富士山をながめながら友達といっしょに湖でボートを（　　　　　）。1) ういた 2) こいだ 3) とんだ 4) ゆれた正解:2
手を切る
1136 山に住んでいる動物が、ふもとに（　　　　　）現れてえさをもらうようになった。1) だんだん 2) ふわふわ 3) しばしば 4) ところどころ正解:3
1131 神社や寺へおがみにいくこと1) おどり 2) おまいり 3) さかり 4) まつり正解:2
追い越す
1) へこんで 2) ためらって 3) しぼんで 4) ひっこんで
1119 先日、アメリカに旅行に行ったが?買い物しすぎて５万円も足が（　　　　　）しまった。1) ついて 2) 取られて 3) 出て 4) うばわれて
//さっさと　せっせと
1106 戦いで自分を助けてくれる人1) ちじん 2) みかた 3) なかま 4) なかよし正解:2
//こごえる　しびれる
1101 荒くきつい表情1) あおじろい 2) けわしい 3) おそろしい 4) さびしい正解:2
//からかう
1096 彼はいろいろなことをいっては、仕事を（　　　　　）たがるんだから。1) つかれ 2) おこ 3) なまけ 4) くたびれ正解:3
